[    2322ms] [LOG] [AUTH] restoring session… @ https://geo-app-production-47b0.up.railway.app/main.dart.js?v=00591cd3:35976
[    2323ms] [LOG] [AUTH] restoreSession → false @ https://geo-app-production-47b0.up.railway.app/main.dart.js?v=00591cd3:35976
[    2324ms] [LOG] [AUTH] loading → unauthenticated @ https://geo-app-production-47b0.up.railway.app/main.dart.js?v=00591cd3:35976
[    2329ms] [LOG] [PERF] heartbeat initialized (10s interval) @ https://geo-app-production-47b0.up.railway.app/main.dart.js?v=00591cd3:35976
[    2330ms] [LOG] [AUTH] unauthenticated → unauthenticated @ https://geo-app-production-47b0.up.railway.app/main.dart.js?v=00591cd3:35976
[    2365ms] [LOG] [EVENT] auth_expired {"previous_user_id":null} @ https://geo-app-production-47b0.up.railway.app/main.dart.js?v=00591cd3:35976
[    2391ms] [LOG] [NAV] resolveHome → LoginScreen @ https://geo-app-production-47b0.up.railway.app/main.dart.js?v=00591cd3:35976
[    2614ms] [LOG] [EVENT] session_started {"platform":"linux"} @ https://geo-app-production-47b0.up.railway.app/main.dart.js?v=00591cd3:35976
[    2762ms] [LOG] [connection_web] attempting WasmDatabase.open (worker)… @ https://geo-app-production-47b0.up.railway.app/main.dart.js?v=00591cd3:35976
[    2863ms] [LOG] [FRAME-PERF] JANK: build=40ms raster=87ms total=127ms @ https://geo-app-production-47b0.up.railway.app/main.dart.js?v=00591cd3:35976
[    2864ms] [LOG] [EVENT] long_frame {"build_ms":40,"raster_ms":87,"total_ms":127} @ https://geo-app-production-47b0.up.railway.app/main.dart.js?v=00591cd3:35976
[    3099ms] [LOG] [EVENT] long_frame {"build_ms":62,"raster_ms":26,"total_ms":88} @ https://geo-app-production-47b0.up.railway.app/main.dart.js?v=00591cd3:35976
[    3102ms] [LOG] [connection_web] storage: WasmStorageImplementation.opfsLocks (missing: {MissingBrowserFeature.dedicatedWorkersInSharedWorkers}) @ https://geo-app-production-47b0.up.railway.app/main.dart.js?v=00591cd3:35976
[    5098ms] [LOG] [AppDatabase] seeded 32752 species in 1497ms @ https://geo-app-production-47b0.up.railway.app/main.dart.js?v=00591cd3:35976
[    5134ms] [LOG] [EVENT] app_startup {"session_id":"87bc4700-8f4e-4a32-a648-0168664d972f","device_id":"dfbf9b69989b","app_version":"0.1.0+1","schema_version":24,"dart_version":"unknown","platform_os":"web","platform_version":"browser","platform_locale":"unknown","is_web":true,"is_debug":false,"species_total":32752,"species_enriched":0,"species_with_art":0,"item_instances":0,"cells_visited":0,"supabase_configured":true,"location_mode":"keyboard","startup_ts":"2026-03-31T15:41:21.314Z"} @ https://geo-app-production-47b0.up.railway.app/main.dart.js?v=00591cd3:35976
[    5135ms] [LOG] [Startup] {session_id: 87bc4700-8f4e-4a32-a648-0168664d972f, device_id: dfbf9b69989b, app_version: 0.1.0+1, schema_version: 24, dart_version: unknown, platform_os: web, platform_version: browser, platform_locale: unknown, is_web: true, is_debug: false, species_total: 32752, species_enriched: 0, species_with_art: 0, item_instances: 0, cells_visited: 0, supabase_configured: true, location_mode: keyboard, startup_ts: 2026-03-31T15:41:21.314Z} @ https://geo-app-production-47b0.up.railway.app/main.dart.js?v=00591cd3:35976
[   12330ms] [LOG] [PERF] imgCache: 0 cached (0.0MB), 0 live, 0 pending | slowFrames: 2 (worst: 127ms) @ https://geo-app-production-47b0.up.railway.app/main.dart.js?v=00591cd3:35976
[   17345ms] [LOG] [TIMEOUT] zone not ready after 15s — dismissing loading screen @ https://geo-app-production-47b0.up.railway.app/main.dart.js?v=00591cd3:35976
[   17345ms] [LOG] [EVENT] zone_ready_timeout @ https://geo-app-production-47b0.up.railway.app/main.dart.js?v=00591cd3:35976
[   17346ms] [LOG] [TIMEOUT] player not located after 15s — forcing located @ https://geo-app-production-47b0.up.railway.app/main.dart.js?v=00591cd3:35976
[   22330ms] [LOG] [PERF] imgCache: 0 cached (0.0MB), 0 live, 0 pending | slowFrames: 0 (worst: 0ms) @ https://geo-app-production-47b0.up.railway.app/main.dart.js?v=00591cd3:35976
[   32330ms] [LOG] [PERF] imgCache: 0 cached (0.0MB), 0 live, 0 pending | slowFrames: 0 (worst: 0ms) @ https://geo-app-production-47b0.up.railway.app/main.dart.js?v=00591cd3:35976
[   42329ms] [LOG] [PERF] imgCache: 0 cached (0.0MB), 0 live, 0 pending | slowFrames: 0 (worst: 0ms) @ https://geo-app-production-47b0.up.railway.app/main.dart.js?v=00591cd3:35976
[   52330ms] [LOG] [PERF] imgCache: 0 cached (0.0MB), 0 live, 0 pending | slowFrames: 0 (worst: 0ms) @ https://geo-app-production-47b0.up.railway.app/main.dart.js?v=00591cd3:35976
[   62330ms] [LOG] [PERF] imgCache: 0 cached (0.0MB), 0 live, 0 pending | slowFrames: 0 (worst: 0ms) @ https://geo-app-production-47b0.up.railway.app/main.dart.js?v=00591cd3:35976
[   72330ms] [LOG] [PERF] imgCache: 0 cached (0.0MB), 0 live, 0 pending | slowFrames: 0 (worst: 0ms) @ https://geo-app-production-47b0.up.railway.app/main.dart.js?v=00591cd3:35976
[   82330ms] [LOG] [PERF] imgCache: 0 cached (0.0MB), 0 live, 0 pending | slowFrames: 0 (worst: 0ms) @ https://geo-app-production-47b0.up.railway.app/main.dart.js?v=00591cd3:35976
[   92330ms] [LOG] [PERF] imgCache: 0 cached (0.0MB), 0 live, 0 pending | slowFrames: 0 (worst: 0ms) @ https://geo-app-production-47b0.up.railway.app/main.dart.js?v=00591cd3:35976
[  102330ms] [LOG] [PERF] imgCache: 0 cached (0.0MB), 0 live, 0 pending | slowFrames: 0 (worst: 0ms) @ https://geo-app-production-47b0.up.railway.app/main.dart.js?v=00591cd3:35976
[  112330ms] [LOG] [PERF] imgCache: 0 cached (0.0MB), 0 live, 0 pending | slowFrames: 0 (worst: 0ms) @ https://geo-app-production-47b0.up.railway.app/main.dart.js?v=00591cd3:35976
[  122329ms] [LOG] [PERF] imgCache: 0 cached (0.0MB), 0 live, 0 pending | slowFrames: 0 (worst: 0ms) @ https://geo-app-production-47b0.up.railway.app/main.dart.js?v=00591cd3:35976
[  132330ms] [LOG] [PERF] imgCache: 0 cached (0.0MB), 0 live, 0 pending | slowFrames: 0 (worst: 0ms) @ https://geo-app-production-47b0.up.railway.app/main.dart.js?v=00591cd3:35976
[  142330ms] [LOG] [PERF] imgCache: 0 cached (0.0MB), 0 live, 0 pending | slowFrames: 0 (worst: 0ms) @ https://geo-app-production-47b0.up.railway.app/main.dart.js?v=00591cd3:35976
[  152330ms] [LOG] [PERF] imgCache: 0 cached (0.0MB), 0 live, 0 pending | slowFrames: 0 (worst: 0ms) @ https://geo-app-production-47b0.up.railway.app/main.dart.js?v=00591cd3:35976
[  162330ms] [LOG] [PERF] imgCache: 0 cached (0.0MB), 0 live, 0 pending | slowFrames: 0 (worst: 0ms) @ https://geo-app-production-47b0.up.railway.app/main.dart.js?v=00591cd3:35976
[  172330ms] [LOG] [PERF] imgCache: 0 cached (0.0MB), 0 live, 0 pending | slowFrames: 0 (worst: 0ms) @ https://geo-app-production-47b0.up.railway.app/main.dart.js?v=00591cd3:35976
[  182330ms] [LOG] [PERF] imgCache: 0 cached (0.0MB), 0 live, 0 pending | slowFrames: 0 (worst: 0ms) @ https://geo-app-production-47b0.up.railway.app/main.dart.js?v=00591cd3:35976
[  192329ms] [LOG] [PERF] imgCache: 0 cached (0.0MB), 0 live, 0 pending | slowFrames: 0 (worst: 0ms) @ https://geo-app-production-47b0.up.railway.app/main.dart.js?v=00591cd3:35976
[  202330ms] [LOG] [PERF] imgCache: 0 cached (0.0MB), 0 live, 0 pending | slowFrames: 0 (worst: 0ms) @ https://geo-app-production-47b0.up.railway.app/main.dart.js?v=00591cd3:35976
