[    1093ms] [LOG] [AUTH] restoring session… @ https://geo-app-production-47b0.up.railway.app/main.dart.js?v=00591cd3:35976
[    1094ms] [LOG] [AUTH] restoreSession → false @ https://geo-app-production-47b0.up.railway.app/main.dart.js?v=00591cd3:35976
[    1095ms] [LOG] [AUTH] loading → unauthenticated @ https://geo-app-production-47b0.up.railway.app/main.dart.js?v=00591cd3:35976
[    1100ms] [LOG] [PERF] heartbeat initialized (10s interval) @ https://geo-app-production-47b0.up.railway.app/main.dart.js?v=00591cd3:35976
[    1102ms] [LOG] [AUTH] unauthenticated → unauthenticated @ https://geo-app-production-47b0.up.railway.app/main.dart.js?v=00591cd3:35976
[    1130ms] [LOG] [EVENT] auth_expired {"previous_user_id":null} @ https://geo-app-production-47b0.up.railway.app/main.dart.js?v=00591cd3:35976
[    1151ms] [LOG] [NAV] resolveHome → LoginScreen @ https://geo-app-production-47b0.up.railway.app/main.dart.js?v=00591cd3:35976
[    1270ms] [LOG] [EVENT] session_started {"platform":"linux"} @ https://geo-app-production-47b0.up.railway.app/main.dart.js?v=00591cd3:35976
[    1272ms] [LOG] [connection_web] attempting WasmDatabase.open (worker)… @ https://geo-app-production-47b0.up.railway.app/main.dart.js?v=00591cd3:35976
[    1432ms] [LOG] [EVENT] long_frame {"build_ms":34,"raster_ms":17,"total_ms":51} @ https://geo-app-production-47b0.up.railway.app/main.dart.js?v=00591cd3:35976
[    1432ms] [LOG] [EVENT] long_frame {"build_ms":43,"raster_ms":8,"total_ms":51} @ https://geo-app-production-47b0.up.railway.app/main.dart.js?v=00591cd3:35976
[    1434ms] [LOG] [connection_web] storage: WasmStorageImplementation.opfsLocks (missing: {MissingBrowserFeature.dedicatedWorkersInSharedWorkers}) @ https://geo-app-production-47b0.up.railway.app/main.dart.js?v=00591cd3:35976
[    1559ms] [LOG] [EVENT] app_startup {"session_id":"25ed01b9-a6b5-47b0-bd18-ec6a05416af1","device_id":"dfbf9b69989b","app_version":"0.1.0+1","schema_version":24,"dart_version":"unknown","platform_os":"web","platform_version":"browser","platform_locale":"unknown","is_web":true,"is_debug":false,"species_total":32752,"species_enriched":0,"species_with_art":0,"item_instances":0,"cells_visited":0,"supabase_configured":true,"location_mode":"keyboard","startup_ts":"2026-03-31T15:44:40.780Z"} @ https://geo-app-production-47b0.up.railway.app/main.dart.js?v=00591cd3:35976
[    1559ms] [LOG] [Startup] {session_id: 25ed01b9-a6b5-47b0-bd18-ec6a05416af1, device_id: dfbf9b69989b, app_version: 0.1.0+1, schema_version: 24, dart_version: unknown, platform_os: web, platform_version: browser, platform_locale: unknown, is_web: true, is_debug: false, species_total: 32752, species_enriched: 0, species_with_art: 0, item_instances: 0, cells_visited: 0, supabase_configured: true, location_mode: keyboard, startup_ts: 2026-03-31T15:44:40.780Z} @ https://geo-app-production-47b0.up.railway.app/main.dart.js?v=00591cd3:35976
[   11101ms] [LOG] [PERF] imgCache: 0 cached (0.0MB), 0 live, 0 pending | slowFrames: 2 (worst: 51ms) @ https://geo-app-production-47b0.up.railway.app/main.dart.js?v=00591cd3:35976
[   16114ms] [LOG] [TIMEOUT] zone not ready after 15s — dismissing loading screen @ https://geo-app-production-47b0.up.railway.app/main.dart.js?v=00591cd3:35976
[   16114ms] [LOG] [EVENT] zone_ready_timeout @ https://geo-app-production-47b0.up.railway.app/main.dart.js?v=00591cd3:35976
[   16115ms] [LOG] [TIMEOUT] player not located after 15s — forcing located @ https://geo-app-production-47b0.up.railway.app/main.dart.js?v=00591cd3:35976
[   21101ms] [LOG] [PERF] imgCache: 0 cached (0.0MB), 0 live, 0 pending | slowFrames: 0 (worst: 0ms) @ https://geo-app-production-47b0.up.railway.app/main.dart.js?v=00591cd3:35976
[   28993ms] [LOG] [EVENT] long_frame {"build_ms":15,"raster_ms":5,"total_ms":20} @ https://geo-app-production-47b0.up.railway.app/main.dart.js?v=00591cd3:35976
[   31101ms] [LOG] [PERF] imgCache: 0 cached (0.0MB), 0 live, 0 pending | slowFrames: 1 (worst: 20ms) @ https://geo-app-production-47b0.up.railway.app/main.dart.js?v=00591cd3:35976
[   41101ms] [LOG] [PERF] imgCache: 0 cached (0.0MB), 0 live, 0 pending | slowFrames: 0 (worst: 0ms) @ https://geo-app-production-47b0.up.railway.app/main.dart.js?v=00591cd3:35976
[   51101ms] [LOG] [PERF] imgCache: 0 cached (0.0MB), 0 live, 0 pending | slowFrames: 0 (worst: 0ms) @ https://geo-app-production-47b0.up.railway.app/main.dart.js?v=00591cd3:35976
[   61101ms] [LOG] [PERF] imgCache: 0 cached (0.0MB), 0 live, 0 pending | slowFrames: 0 (worst: 0ms) @ https://geo-app-production-47b0.up.railway.app/main.dart.js?v=00591cd3:35976
[   71101ms] [LOG] [PERF] imgCache: 0 cached (0.0MB), 0 live, 0 pending | slowFrames: 0 (worst: 0ms) @ https://geo-app-production-47b0.up.railway.app/main.dart.js?v=00591cd3:35976
[   81101ms] [LOG] [PERF] imgCache: 0 cached (0.0MB), 0 live, 0 pending | slowFrames: 0 (worst: 0ms) @ https://geo-app-production-47b0.up.railway.app/main.dart.js?v=00591cd3:35976
[   91101ms] [LOG] [PERF] imgCache: 0 cached (0.0MB), 0 live, 0 pending | slowFrames: 0 (worst: 0ms) @ https://geo-app-production-47b0.up.railway.app/main.dart.js?v=00591cd3:35976
[   97716ms] [LOG] [AUTH] restoring session… @ https://geo-app-production-47b0.up.railway.app/main.dart.js?v=00591cd3:35976
[   97716ms] [LOG] [AUTH] restoreSession → false @ https://geo-app-production-47b0.up.railway.app/main.dart.js?v=00591cd3:35976
[   97717ms] [LOG] [AUTH] loading → unauthenticated @ https://geo-app-production-47b0.up.railway.app/main.dart.js?v=00591cd3:35976
[   97720ms] [LOG] [PERF] heartbeat initialized (10s interval) @ https://geo-app-production-47b0.up.railway.app/main.dart.js?v=00591cd3:35976
[   97720ms] [LOG] [AUTH] unauthenticated → unauthenticated @ https://geo-app-production-47b0.up.railway.app/main.dart.js?v=00591cd3:35976
[   97733ms] [LOG] [EVENT] auth_expired {"previous_user_id":null} @ https://geo-app-production-47b0.up.railway.app/main.dart.js?v=00591cd3:35976
[   97745ms] [LOG] [NAV] resolveHome → LoginScreen @ https://geo-app-production-47b0.up.railway.app/main.dart.js?v=00591cd3:35976
[   97821ms] [LOG] [EVENT] session_started {"platform":"linux"} @ https://geo-app-production-47b0.up.railway.app/main.dart.js?v=00591cd3:35976
[   97857ms] [LOG] [connection_web] attempting WasmDatabase.open (worker)… @ https://geo-app-production-47b0.up.railway.app/main.dart.js?v=00591cd3:35976
[   97997ms] [LOG] [EVENT] long_frame {"build_ms":20,"raster_ms":11,"total_ms":31} @ https://geo-app-production-47b0.up.railway.app/main.dart.js?v=00591cd3:35976
[   97998ms] [LOG] [EVENT] long_frame {"build_ms":56,"raster_ms":6,"total_ms":62} @ https://geo-app-production-47b0.up.railway.app/main.dart.js?v=00591cd3:35976
[   98059ms] [LOG] [connection_web] storage: WasmStorageImplementation.opfsLocks (missing: {MissingBrowserFeature.dedicatedWorkersInSharedWorkers}) @ https://geo-app-production-47b0.up.railway.app/main.dart.js?v=00591cd3:35976
[   98181ms] [LOG] [EVENT] app_startup {"session_id":"3f87b839-e3d1-4d19-90c0-53b0193bfe11","device_id":"dfbf9b69989b","app_version":"0.1.0+1","schema_version":24,"dart_version":"unknown","platform_os":"web","platform_version":"browser","platform_locale":"unknown","is_web":true,"is_debug":false,"species_total":32752,"species_enriched":0,"species_with_art":0,"item_instances":0,"cells_visited":0,"supabase_configured":true,"location_mode":"keyboard","startup_ts":"2026-03-31T15:46:17.402Z"} @ https://geo-app-production-47b0.up.railway.app/main.dart.js?v=00591cd3:35976
[   98181ms] [LOG] [Startup] {session_id: 3f87b839-e3d1-4d19-90c0-53b0193bfe11, device_id: dfbf9b69989b, app_version: 0.1.0+1, schema_version: 24, dart_version: unknown, platform_os: web, platform_version: browser, platform_locale: unknown, is_web: true, is_debug: false, species_total: 32752, species_enriched: 0, species_with_art: 0, item_instances: 0, cells_visited: 0, supabase_configured: true, location_mode: keyboard, startup_ts: 2026-03-31T15:46:17.402Z} @ https://geo-app-production-47b0.up.railway.app/main.dart.js?v=00591cd3:35976
[  107720ms] [LOG] [PERF] imgCache: 0 cached (0.0MB), 0 live, 0 pending | slowFrames: 2 (worst: 62ms) @ https://geo-app-production-47b0.up.railway.app/main.dart.js?v=00591cd3:35976
[  112726ms] [LOG] [TIMEOUT] zone not ready after 15s — dismissing loading screen @ https://geo-app-production-47b0.up.railway.app/main.dart.js?v=00591cd3:35976
[  112726ms] [LOG] [EVENT] zone_ready_timeout @ https://geo-app-production-47b0.up.railway.app/main.dart.js?v=00591cd3:35976
[  112726ms] [LOG] [TIMEOUT] player not located after 15s — forcing located @ https://geo-app-production-47b0.up.railway.app/main.dart.js?v=00591cd3:35976
[  117720ms] [LOG] [PERF] imgCache: 0 cached (0.0MB), 0 live, 0 pending | slowFrames: 0 (worst: 0ms) @ https://geo-app-production-47b0.up.railway.app/main.dart.js?v=00591cd3:35976
[  127720ms] [LOG] [PERF] imgCache: 0 cached (0.0MB), 0 live, 0 pending | slowFrames: 0 (worst: 0ms) @ https://geo-app-production-47b0.up.railway.app/main.dart.js?v=00591cd3:35976
[  137720ms] [LOG] [PERF] imgCache: 0 cached (0.0MB), 0 live, 0 pending | slowFrames: 0 (worst: 0ms) @ https://geo-app-production-47b0.up.railway.app/main.dart.js?v=00591cd3:35976
[  147720ms] [LOG] [PERF] imgCache: 0 cached (0.0MB), 0 live, 0 pending | slowFrames: 0 (worst: 0ms) @ https://geo-app-production-47b0.up.railway.app/main.dart.js?v=00591cd3:35976
[  157720ms] [LOG] [PERF] imgCache: 0 cached (0.0MB), 0 live, 0 pending | slowFrames: 0 (worst: 0ms) @ https://geo-app-production-47b0.up.railway.app/main.dart.js?v=00591cd3:35976
[  167720ms] [LOG] [PERF] imgCache: 0 cached (0.0MB), 0 live, 0 pending | slowFrames: 0 (worst: 0ms) @ https://geo-app-production-47b0.up.railway.app/main.dart.js?v=00591cd3:35976
